2015-02-21 18:18:38,624 [73] NHibernate.Transaction.AdoTransaction - (null) - Begin transaction failed
 (null)
System.Data.SqlClient.SqlException (0x80131904): A transport-level error has occurred when receiving results from the server. (provider: TCP Provider, error: 0 - The semaphore timeout period has expired.) ---> System.ComponentModel.Win32Exception (0x80004005): The semaphore timeout period has expired
   at System.Data.SqlClient.SqlConnection.OnError(SqlException exception, Boolean breakConnection, Action`1 wrapCloseInAction)
   at System.Data.SqlClient.SqlInternalConnection.OnError(SqlException exception, Boolean breakConnection, Action`1 wrapCloseInAction)
   at System.Data.SqlClient.TdsParser.ThrowExceptionAndWarning(TdsParserStateObject stateObj, Boolean callerHasConnectionLock, Boolean asyncClose)
   at System.Data.SqlClient.TdsParserStateObject.ReadSniError(TdsParserStateObject stateObj, UInt32 error)
   at System.Data.SqlClient.TdsParserStateObject.ReadSniSyncOverAsync()
   at System.Data.SqlClient.TdsParserStateObject.TryReadNetworkPacket()
   at System.Data.SqlClient.TdsParserStateObject.TryPrepareBuffer()
   at System.Data.SqlClient.TdsParserStateObject.TryReadByte(Byte& value)
   at System.Data.SqlClient.TdsParser.TryRun(RunBehavior runBehavior, SqlCommand cmdHandler, SqlDataReader dataStream, BulkCopySimpleResultSet bulkCopyHandler, TdsParserStateObject stateObj, Boolean& dataReady)
   at System.Data.SqlClient.TdsParser.Run(RunBehavior runBehavior, SqlCommand cmdHandler, SqlDataReader dataStream, BulkCopySimpleResultSet bulkCopyHandler, TdsParserStateObject stateObj)
   at System.Data.SqlClient.TdsParser.TdsExecuteTransactionManagerRequest(Byte[] buffer, TransactionManagerRequestType request, String transactionName, TransactionManagerIsolationLevel isoLevel, Int32 timeout, SqlInternalTransaction transaction, TdsParserStateObject stateObj, Boolean isDelegateControlRequest)
   at System.Data.SqlClient.SqlInternalConnectionTds.ExecuteTransactionYukon(TransactionRequest transactionRequest, String transactionName, IsolationLevel iso, SqlInternalTransaction internalTransaction, Boolean isDelegateControlRequest)
   at System.Data.SqlClient.SqlInternalConnectionTds.ExecuteTransaction(TransactionRequest transactionRequest, String name, IsolationLevel iso, SqlInternalTransaction internalTransaction, Boolean isDelegateControlRequest)
   at System.Data.SqlClient.SqlInternalConnection.BeginSqlTransaction(IsolationLevel iso, String transactionName, Boolean shouldReconnect)
   at System.Data.SqlClient.SqlConnection.BeginTransaction(IsolationLevel iso, String transactionName)
   at System.Data.SqlClient.SqlConnection.BeginDbTransaction(IsolationLevel isolationLevel)
   at System.Data.Common.DbConnection.System.Data.IDbConnection.BeginTransaction(IsolationLevel isolationLevel)
   at NHibernate.Transaction.AdoTransaction.Begin(IsolationLevel isolationLevel) in c:\Users\sebros\Documents\My Projects\nhibernate-core\src\NHibernate\Transaction\AdoTransaction.cs:line 137
ClientConnectionId:82f4d726-4a24-48e3-8883-a9e67cefa8e8
Error Number:121,State:0,Class:20
2015-02-21 18:18:39,708 [73] Orchard.Tasks.BackgroundService - (null) - Error while processing background task
 (null)
NHibernate.TransactionException: Begin failed with SQL exception ---> System.Data.SqlClient.SqlException: A transport-level error has occurred when receiving results from the server. (provider: TCP Provider, error: 0 - The semaphore timeout period has expired.) ---> System.ComponentModel.Win32Exception: The semaphore timeout period has expired
   --- End of inner exception stack trace ---
   at System.Data.SqlClient.SqlConnection.OnError(SqlException exception, Boolean breakConnection, Action`1 wrapCloseInAction)
   at System.Data.SqlClient.SqlInternalConnection.OnError(SqlException exception, Boolean breakConnection, Action`1 wrapCloseInAction)
   at System.Data.SqlClient.TdsParser.ThrowExceptionAndWarning(TdsParserStateObject stateObj, Boolean callerHasConnectionLock, Boolean asyncClose)
   at System.Data.SqlClient.TdsParserStateObject.ReadSniError(TdsParserStateObject stateObj, UInt32 error)
   at System.Data.SqlClient.TdsParserStateObject.ReadSniSyncOverAsync()
   at System.Data.SqlClient.TdsParserStateObject.TryReadNetworkPacket()
   at System.Data.SqlClient.TdsParserStateObject.TryPrepareBuffer()
   at System.Data.SqlClient.TdsParserStateObject.TryReadByte(Byte& value)
   at System.Data.SqlClient.TdsParser.TryRun(RunBehavior runBehavior, SqlCommand cmdHandler, SqlDataReader dataStream, BulkCopySimpleResultSet bulkCopyHandler, TdsParserStateObject stateObj, Boolean& dataReady)
   at System.Data.SqlClient.TdsParser.Run(RunBehavior runBehavior, SqlCommand cmdHandler, SqlDataReader dataStream, BulkCopySimpleResultSet bulkCopyHandler, TdsParserStateObject stateObj)
   at System.Data.SqlClient.TdsParser.TdsExecuteTransactionManagerRequest(Byte[] buffer, TransactionManagerRequestType request, String transactionName, TransactionManagerIsolationLevel isoLevel, Int32 timeout, SqlInternalTransaction transaction, TdsParserStateObject stateObj, Boolean isDelegateControlRequest)
   at System.Data.SqlClient.SqlInternalConnectionTds.ExecuteTransactionYukon(TransactionRequest transactionRequest, String transactionName, IsolationLevel iso, SqlInternalTransaction internalTransaction, Boolean isDelegateControlRequest)
   at System.Data.SqlClient.SqlInternalConnectionTds.ExecuteTransaction(TransactionRequest transactionRequest, String name, IsolationLevel iso, SqlInternalTransaction internalTransaction, Boolean isDelegateControlRequest)
   at System.Data.SqlClient.SqlInternalConnection.BeginSqlTransaction(IsolationLevel iso, String transactionName, Boolean shouldReconnect)
   at System.Data.SqlClient.SqlConnection.BeginTransaction(IsolationLevel iso, String transactionName)
   at System.Data.SqlClient.SqlConnection.BeginDbTransaction(IsolationLevel isolationLevel)
   at System.Data.Common.DbConnection.System.Data.IDbConnection.BeginTransaction(IsolationLevel isolationLevel)
   at NHibernate.Transaction.AdoTransaction.Begin(IsolationLevel isolationLevel) in c:\Users\sebros\Documents\My Projects\nhibernate-core\src\NHibernate\Transaction\AdoTransaction.cs:line 137
   --- End of inner exception stack trace ---
   at NHibernate.Transaction.AdoTransaction.Begin(IsolationLevel isolationLevel) in c:\Users\sebros\Documents\My Projects\nhibernate-core\src\NHibernate\Transaction\AdoTransaction.cs:line 148
   at NHibernate.Impl.SessionImpl.BeginTransaction(IsolationLevel isolationLevel) in c:\Users\sebros\Documents\My Projects\nhibernate-core\src\NHibernate\Impl\SessionImpl.cs:line 1451
   at Orchard.Data.SessionLocator.RequireNew(IsolationLevel level) in z:\Builds\work\d1eb156ccc3cb14\src\Orchard\Data\SessionLocator.cs:line 73
   at Orchard.Data.SessionLocator.RequireNew() in z:\Builds\work\d1eb156ccc3cb14\src\Orchard\Data\SessionLocator.cs:line 51
   at Orchard.Tasks.BackgroundService.Sweep() in z:\Builds\work\d1eb156ccc3cb14\src\Orchard\Tasks\BackgroundService.cs:line 29
2015-02-21 18:18:39,891 [73] NHibernate.Transaction.AdoTransaction - (null) - Begin transaction failed
 (null)
System.InvalidOperationException: Invalid operation. The connection is closed.
   at System.Data.SqlClient.SqlConnection.GetOpenConnection()
   at System.Data.SqlClient.SqlConnection.BeginTransaction(IsolationLevel iso, String transactionName)
   at System.Data.SqlClient.SqlConnection.BeginDbTransaction(IsolationLevel isolationLevel)
   at System.Data.Common.DbConnection.System.Data.IDbConnection.BeginTransaction(IsolationLevel isolationLevel)
   at NHibernate.Transaction.AdoTransaction.Begin(IsolationLevel isolationLevel) in c:\Users\sebros\Documents\My Projects\nhibernate-core\src\NHibernate\Transaction\AdoTransaction.cs:line 137
2015-02-21 18:18:39,902 [73] Orchard.Tasks.BackgroundService - (null) - Error while processing background task
 (null)
NHibernate.TransactionException: Begin failed with SQL exception ---> System.InvalidOperationException: Invalid operation. The connection is closed.
   at System.Data.SqlClient.SqlConnection.GetOpenConnection()
   at System.Data.SqlClient.SqlConnection.BeginTransaction(IsolationLevel iso, String transactionName)
   at System.Data.SqlClient.SqlConnection.BeginDbTransaction(IsolationLevel isolationLevel)
   at System.Data.Common.DbConnection.System.Data.IDbConnection.BeginTransaction(IsolationLevel isolationLevel)
   at NHibernate.Transaction.AdoTransaction.Begin(IsolationLevel isolationLevel) in c:\Users\sebros\Documents\My Projects\nhibernate-core\src\NHibernate\Transaction\AdoTransaction.cs:line 137
   --- End of inner exception stack trace ---
   at NHibernate.Transaction.AdoTransaction.Begin(IsolationLevel isolationLevel) in c:\Users\sebros\Documents\My Projects\nhibernate-core\src\NHibernate\Transaction\AdoTransaction.cs:line 148
   at NHibernate.Impl.SessionImpl.BeginTransaction(IsolationLevel isolationLevel) in c:\Users\sebros\Documents\My Projects\nhibernate-core\src\NHibernate\Impl\SessionImpl.cs:line 1451
   at Orchard.Data.SessionLocator.RequireNew(IsolationLevel level) in z:\Builds\work\d1eb156ccc3cb14\src\Orchard\Data\SessionLocator.cs:line 73
   at Orchard.Data.SessionLocator.RequireNew() in z:\Builds\work\d1eb156ccc3cb14\src\Orchard\Data\SessionLocator.cs:line 51
   at Orchard.Tasks.BackgroundService.Sweep() in z:\Builds\work\d1eb156ccc3cb14\src\Orchard\Tasks\BackgroundService.cs:line 29
2015-02-21 18:18:39,904 [73] NHibernate.Transaction.AdoTransaction - (null) - Begin transaction failed
 (null)
System.InvalidOperationException: Invalid operation. The connection is closed.
   at System.Data.SqlClient.SqlConnection.GetOpenConnection()
   at System.Data.SqlClient.SqlConnection.BeginTransaction(IsolationLevel iso, String transactionName)
   at System.Data.SqlClient.SqlConnection.BeginDbTransaction(IsolationLevel isolationLevel)
   at System.Data.Common.DbConnection.System.Data.IDbConnection.BeginTransaction(IsolationLevel isolationLevel)
   at NHibernate.Transaction.AdoTransaction.Begin(IsolationLevel isolationLevel) in c:\Users\sebros\Documents\My Projects\nhibernate-core\src\NHibernate\Transaction\AdoTransaction.cs:line 137
2015-02-21 18:18:39,905 [73] Orchard.Tasks.BackgroundService - (null) - Error while processing background task
 (null)
NHibernate.TransactionException: Begin failed with SQL exception ---> System.InvalidOperationException: Invalid operation. The connection is closed.
   at System.Data.SqlClient.SqlConnection.GetOpenConnection()
   at System.Data.SqlClient.SqlConnection.BeginTransaction(IsolationLevel iso, String transactionName)
   at System.Data.SqlClient.SqlConnection.BeginDbTransaction(IsolationLevel isolationLevel)
   at System.Data.Common.DbConnection.System.Data.IDbConnection.BeginTransaction(IsolationLevel isolationLevel)
   at NHibernate.Transaction.AdoTransaction.Begin(IsolationLevel isolationLevel) in c:\Users\sebros\Documents\My Projects\nhibernate-core\src\NHibernate\Transaction\AdoTransaction.cs:line 137
   --- End of inner exception stack trace ---
   at NHibernate.Transaction.AdoTransaction.Begin(IsolationLevel isolationLevel) in c:\Users\sebros\